<?xml version="1.0" encoding="UTF-8"?>
<!-- Generated by org.testng.reporters.JUnitReportReporter -->
<testsuite hostname="DEL1-LHP-N72048" failures="0" tests="1" name="com.marketo.qa.Tests.FetchModelsCount" time="128.432" errors="0" timestamp="2022-09-16T21:34:01 IST" skipped="0">
  <testcase classname="com.marketo.qa.Tests.FetchModelsCount" name="ModelCount" time="128.432"/>
  <system-out/>
</testsuite> <!-- com.marketo.qa.Tests.FetchModelsCount -->
