<?xml version="1.0" encoding="UTF-8"?>
<!-- Generated by org.testng.reporters.JUnitReportReporter -->
<testsuite hostname="NAG1-LHP-N66635" failures="0" tests="1" name="com.marketo.qa.Tests.FetchAdminDatas" time="74.490" errors="0" timestamp="2022-08-12T16:07:59 IST" skipped="0">
  <testcase classname="com.marketo.qa.Tests.FetchAdminDatas" name="VerifyCountAndScreenshor" time="74.490"/>
  <system-out>
    <![CDATA[Login Succsessfully]]>
  </system-out>
</testsuite> <!-- com.marketo.qa.Tests.FetchAdminDatas -->
