<?xml version="1.0" encoding="UTF-8"?>
<!-- Generated by org.testng.reporters.JUnitReportReporter -->
<testsuite hostname="NAG1-LHP-N66635" failures="0" tests="1" name="com.marketo.qa.Tests.FetchCampaignCounts" time="266.107" errors="0" timestamp="2022-10-12T15:34:22 IST" skipped="0">
  <testcase classname="com.marketo.qa.Tests.FetchCampaignCounts" name="CampaignsCount" time="266.107"/>
  <system-out/>
</testsuite> <!-- com.marketo.qa.Tests.FetchCampaignCounts -->
