<?xml version="1.0" encoding="UTF-8"?>
<!-- Generated by org.testng.reporters.JUnitReportReporter -->
<testsuite hostname="NAG1-LHP-N66635" failures="0" tests="1" name="com.marketo.qa.Tests.FetchAdminDatas" time="50.855" errors="0" timestamp="2022-08-23T11:53:51 IST" skipped="0">
  <testcase classname="com.marketo.qa.Tests.FetchAdminDatas" name="VerifyCountAndScreenshor" time="50.855"/>
  <system-out/>
</testsuite> <!-- com.marketo.qa.Tests.FetchAdminDatas -->
