<?xml version="1.0" encoding="UTF-8"?>
<!-- Generated by org.testng.reporters.JUnitReportReporter -->
<testsuite hostname="NAG1-LHP-N66635" failures="0" tests="1" name="com.marketo.qa.Tests.FetchDesignStudioData" time="80.319" errors="0" timestamp="2022-09-19T10:23:33 IST" skipped="0">
  <testcase classname="com.marketo.qa.Tests.FetchDesignStudioData" name="TakeRequiredCount" time="80.319"/>
  <system-out/>
</testsuite> <!-- com.marketo.qa.Tests.FetchDesignStudioData -->
