<?xml version="1.0" encoding="UTF-8"?>
<!-- Generated by org.testng.reporters.JUnitReportReporter -->
<testsuite hostname="NAG1-LHP-N66635" failures="0" tests="1" name="com.marketo.qa.Tests.FetchLeadsCount" time="239.251" errors="0" timestamp="2022-09-08T17:04:59 IST" skipped="0">
  <testcase classname="com.marketo.qa.Tests.FetchLeadsCount" name="CollectLeadsCount" time="239.251"/>
  <system-out/>
</testsuite> <!-- com.marketo.qa.Tests.FetchLeadsCount -->
