<?xml version="1.0" encoding="UTF-8"?>
<!-- Generated by org.testng.reporters.JUnitReportReporter -->
<testsuite hostname="NAG1-LHP-N66635" failures="0" tests="1" name="com.marketo.qa.Tests.FetchModelsCount" time="133.839" errors="0" timestamp="2022-09-08T19:50:01 IST" skipped="0">
  <testcase classname="com.marketo.qa.Tests.FetchModelsCount" name="ModelCount" time="133.839"/>
  <system-out/>
</testsuite> <!-- com.marketo.qa.Tests.FetchModelsCount -->
