<?xml version="1.0" encoding="UTF-8"?>
<!-- Generated by org.testng.reporters.JUnitReportReporter -->
<testsuite hostname="DEL1-LHP-N72048" failures="0" tests="1" name="com.marketo.qa.Tests.FetchModelsCount" time="203.800" errors="0" timestamp="2022-08-29T17:44:55 IST" skipped="0">
  <testcase classname="com.marketo.qa.Tests.FetchModelsCount" name="ModelCount" time="203.800"/>
  <system-out/>
</testsuite> <!-- com.marketo.qa.Tests.FetchModelsCount -->
