<?xml version="1.0" encoding="UTF-8"?>
<!-- Generated by org.testng.reporters.JUnitReportReporter -->
<testsuite hostname="NAG1-LHP-N66635" failures="0" tests="1" name="com.marketo.qa.Tests.FetchDesignStudioData" time="0.000" errors="0" timestamp="2022-10-14T13:06:07 IST" skipped="1">
  <testcase classname="com.marketo.qa.Tests.FetchDesignStudioData" name="TakeRequiredCount" time="0.000">
    <skipped/>
  </testcase> <!-- TakeRequiredCount -->
  <system-out/>
</testsuite> <!-- com.marketo.qa.Tests.FetchDesignStudioData -->
