<?xml version="1.0" encoding="UTF-8"?>
<!-- Generated by org.testng.reporters.JUnitReportReporter -->
<testsuite hostname="NAG1-LHP-N66635" failures="0" tests="1" name="com.marketo.qa.Tests.FetchChampianCounts" time="374.805" errors="0" timestamp="2022-09-08T17:04:59 IST" skipped="0">
  <testcase classname="com.marketo.qa.Tests.FetchChampianCounts" name="ChampiensCount" time="374.805"/>
  <system-out/>
</testsuite> <!-- com.marketo.qa.Tests.FetchChampianCounts -->
