<?xml version="1.0" encoding="UTF-8"?>
<!-- Generated by org.testng.reporters.JUnitReportReporter -->
<testsuite hostname="DEL1-LHP-N72048" failures="0" tests="1" name="com.marketo.qa.Tests.FetchLeadsCount" time="242.240" errors="0" timestamp="2022-08-26T11:02:48 IST" skipped="0">
  <testcase classname="com.marketo.qa.Tests.FetchLeadsCount" name="CollectLeadsCount" time="242.240"/>
  <system-out/>
</testsuite> <!-- com.marketo.qa.Tests.FetchLeadsCount -->
