<?xml version="1.0" encoding="UTF-8"?>
<!-- Generated by org.testng.reporters.JUnitReportReporter -->
<testsuite hostname="DEL1-LHP-N72048" failures="0" tests="1" name="com.marketo.qa.Tests.FetchDataFromChangeScore" time="12.320" errors="0" timestamp="2022-08-26T11:02:48 IST" skipped="0">
  <testcase classname="com.marketo.qa.Tests.FetchDataFromChangeScore" name="VerifyChangeScoreCount" time="12.320"/>
  <system-out/>
</testsuite> <!-- com.marketo.qa.Tests.FetchDataFromChangeScore -->
