<?xml version="1.0" encoding="UTF-8"?>
<!-- Generated by org.testng.reporters.JUnitReportReporter -->
<testsuite hostname="DEL1-LHP-N72048" failures="0" tests="1" name="com.marketo.qa.Tests.FetchDataFromChangeScore" time="27.258" errors="0" timestamp="2022-07-21T09:26:06 IST" skipped="0">
  <testcase classname="com.marketo.qa.Tests.FetchDataFromChangeScore" name="VerifyChangeScoreCount" time="27.258"/>
  <system-out/>
</testsuite> <!-- com.marketo.qa.Tests.FetchDataFromChangeScore -->
