<?xml version="1.0" encoding="UTF-8"?>
<!-- Generated by org.testng.reporters.JUnitReportReporter -->
<testsuite hostname="NAG1-LHP-N66635" failures="0" tests="1" name="com.marketo.qa.Tests.FetchDataFromChangeScore" time="9.841" errors="0" timestamp="2022-08-19T15:00:30 IST" skipped="0">
  <testcase classname="com.marketo.qa.Tests.FetchDataFromChangeScore" name="VerifyChangeScoreCount" time="9.841"/>
  <system-out/>
</testsuite> <!-- com.marketo.qa.Tests.FetchDataFromChangeScore -->
