<?xml version="1.0" encoding="UTF-8"?>
<!-- Generated by org.testng.reporters.JUnitReportReporter -->
<testsuite hostname="DEL1-LHP-N72048" failures="0" tests="1" name="com.marketo.qa.Tests.FetchDesignStudioData" time="70.305" errors="0" timestamp="2022-08-02T13:14:05 IST" skipped="0">
  <testcase classname="com.marketo.qa.Tests.FetchDesignStudioData" name="TakeRequiredCount" time="70.305"/>
  <system-out>
    <![CDATA[Login Succsessfully]]>
  </system-out>
</testsuite> <!-- com.marketo.qa.Tests.FetchDesignStudioData -->
